{"name": "test_empty_fields", "status": "broken", "statusDetails": {"message": "selenium.common.exceptions.TimeoutException: Message: \nStacktrace:\n\tGetHandleVerifier [0x00007FF64C626CC5+28821]\n\t(No symbol) [0x00007FF64C593850]\n\t(No symbol) [0x00007FF64C43578A]\n\t(No symbol) [0x00007FF64C4891BE]\n\t(No symbol) [0x00007FF64C4894AC]\n\t(No symbol) [0x00007FF64C4D2647]\n\t(No symbol) [0x00007FF64C4AF33F]\n\t(No symbol) [0x00007FF64C4CF412]\n\t(No symbol) [0x00007FF64C4AF0A3]\n\t(No symbol) [0x00007FF64C47A778]\n\t(No symbol) [0x00007FF64C47B8E1]\n\tGetHandleVerifier [0x00007FF64C95FCCD+3408029]\n\tGetHandleVerifier [0x00007FF64C97743F+3504143]\n\tGetHandleVerifier [0x00007FF64C96B61D+3455469]\n\tGetHandleVerifier [0x00007FF64C6EBDCB+835995]\n\t(No symbol) [0x00007FF64C59EB6F]\n\t(No symbol) [0x00007FF64C59A824]\n\t(No symbol) [0x00007FF64C59A9BD]\n\t(No symbol) [0x00007FF64C58A1A9]\n\tBaseThreadInitThunk [0x00007FFAC53B259D+29]\n\tRtlUserThreadStart [0x00007FFAC734AF38+40]", "trace": "self = <test_login.LoginTests testMethod=test_empty_fields>\n\n    @allure.feature(\"Login Feature\")\n    @allure.story(\"Boş Alanlar\")\n    def test_empty_fields(self):\n        \"\"\"Boş alanlar testi\"\"\"\n        driver = self.driver\n        driver.get(\"https://www.beymen.com/tr/customer/login?returnUrl=/tr/customer\")\n    \n        try:\n            # Çerez onayı varsa, kabul et\n            try:\n                accept_button = WebDriverWait(driver, 20).until(\n                    EC.element_to_be_clickable((By.ID, \"onetrust-accept-btn-handler\"))\n                )\n                accept_button.click()\n            except:\n                pass  # Eğer çerez onayı yoksa, hata vermez.\n    \n            with allure.step(\"Boş alanlarla giriş yapmayı dene\"):\n                driver.find_element(By.ID, \"customerEmail\").send_keys(\"\")\n                driver.find_element(By.ID, \"password\").send_keys(\"\")\n    \n                login_button = driver.find_element(By.ID, \"loginBtn\")\n                driver.execute_script(\"arguments[0].scrollIntoView();\", login_button)\n                login_button.click()\n    \n            # Uyarı mesajını kontrol et\n            with allure.step(\"Uyarı mesajını doğrula\"):\n                WebDriverWait(driver, 20).until(\n                    EC.presence_of_element_located((By.CLASS_NAME, \"error-message\"))\n                )\n                empty_fields_message = driver.find_element(By.CLASS_NAME, \"error-message\").text\n                self.assertEqual(empty_fields_message, \"Lütfen tüm alanları doldurun.\", \"Boş alanlar için doğru uyarı verilmedi.\")\n    \n        except Exception as e:\n            allure.attach(driver.get_screenshot_as_png(), name=\"test_empty_fields\", attachment_type=allure.attachment_type.PNG)\n>           raise e\n\ntest_login.py:135: \n_ _ _ _ _ _ _ _ _ _ _ _ _ _ _ _ _ _ _ _ _ _ _ _ _ _ _ _ _ _ _ _ _ _ _ _ _ _ _ _ _ _ _ _ _ _ _ _ _ _ _ _ _ _ _ _ _ _ _ _ _ _ _ _ _ _ _ _ _ _ _ _ _ _ \ntest_login.py:127: in test_empty_fields\n    WebDriverWait(driver, 20).until(\n_ _ _ _ _ _ _ _ _ _ _ _ _ _ _ _ _ _ _ _ _ _ _ _ _ _ _ _ _ _ _ _ _ _ _ _ _ _ _ _ _ _ _ _ _ _ _ _ _ _ _ _ _ _ _ _ _ _ _ _ _ _ _ _ _ _ _ _ _ _ _ _ _ _ \n\nself = <selenium.webdriver.support.wait.WebDriverWait (session=\"d2a5384bbadb45108838ba108057fd3f\")>\nmethod = <function presence_of_element_located.<locals>._predicate at 0x000001FFFB4F6B60>, message = ''\n\n    def until(self, method: Callable[[D], Union[Literal[False], T]], message: str = \"\") -> T:\n        \"\"\"Calls the method provided with the driver as an argument until the \\\n        return value does not evaluate to ``False``.\n    \n        :param method: callable(WebDriver)\n        :param message: optional message for :exc:`TimeoutException`\n        :returns: the result of the last call to `method`\n        :raises: :exc:`selenium.common.exceptions.TimeoutException` if timeout occurs\n        \"\"\"\n        screen = None\n        stacktrace = None\n    \n        end_time = time.monotonic() + self._timeout\n        while True:\n            try:\n                value = method(self._driver)\n                if value:\n                    return value\n            except self._ignored_exceptions as exc:\n                screen = getattr(exc, \"screen\", None)\n                stacktrace = getattr(exc, \"stacktrace\", None)\n            if time.monotonic() > end_time:\n                break\n            time.sleep(self._poll)\n>       raise TimeoutException(message, screen, stacktrace)\nE       selenium.common.exceptions.TimeoutException: Message: \nE       Stacktrace:\nE       \tGetHandleVerifier [0x00007FF64C626CC5+28821]\nE       \t(No symbol) [0x00007FF64C593850]\nE       \t(No symbol) [0x00007FF64C43578A]\nE       \t(No symbol) [0x00007FF64C4891BE]\nE       \t(No symbol) [0x00007FF64C4894AC]\nE       \t(No symbol) [0x00007FF64C4D2647]\nE       \t(No symbol) [0x00007FF64C4AF33F]\nE       \t(No symbol) [0x00007FF64C4CF412]\nE       \t(No symbol) [0x00007FF64C4AF0A3]\nE       \t(No symbol) [0x00007FF64C47A778]\nE       \t(No symbol) [0x00007FF64C47B8E1]\nE       \tGetHandleVerifier [0x00007FF64C95FCCD+3408029]\nE       \tGetHandleVerifier [0x00007FF64C97743F+3504143]\nE       \tGetHandleVerifier [0x00007FF64C96B61D+3455469]\nE       \tGetHandleVerifier [0x00007FF64C6EBDCB+835995]\nE       \t(No symbol) [0x00007FF64C59EB6F]\nE       \t(No symbol) [0x00007FF64C59A824]\nE       \t(No symbol) [0x00007FF64C59A9BD]\nE       \t(No symbol) [0x00007FF64C58A1A9]\nE       \tBaseThreadInitThunk [0x00007FFAC53B259D+29]\nE       \tRtlUserThreadStart [0x00007FFAC734AF38+40]\n\n..\\..\\..\\AppData\\Roaming\\Python\\Python312\\site-packages\\selenium\\webdriver\\support\\wait.py:105: TimeoutException"}, "description": "Boş alanlar testi", "steps": [{"name": "Boş alanlarla giriş yapmayı dene", "status": "passed", "start": 1734015890822, "stop": 1734015893185}, {"name": "Uyarı mesajını doğrula", "status": "broken", "statusDetails": {"message": "selenium.common.exceptions.TimeoutException: Message: \nStacktrace:\n\tGetHandleVerifier [0x00007FF64C626CC5+28821]\n\t(No symbol) [0x00007FF64C593850]\n\t(No symbol) [0x00007FF64C43578A]\n\t(No symbol) [0x00007FF64C4891BE]\n\t(No symbol) [0x00007FF64C4894AC]\n\t(No symbol) [0x00007FF64C4D2647]\n\t(No symbol) [0x00007FF64C4AF33F]\n\t(No symbol) [0x00007FF64C4CF412]\n\t(No symbol) [0x00007FF64C4AF0A3]\n\t(No symbol) [0x00007FF64C47A778]\n\t(No symbol) [0x00007FF64C47B8E1]\n\tGetHandleVerifier [0x00007FF64C95FCCD+3408029]\n\tGetHandleVerifier [0x00007FF64C97743F+3504143]\n\tGetHandleVerifier [0x00007FF64C96B61D+3455469]\n\tGetHandleVerifier [0x00007FF64C6EBDCB+835995]\n\t(No symbol) [0x00007FF64C59EB6F]\n\t(No symbol) [0x00007FF64C59A824]\n\t(No symbol) [0x00007FF64C59A9BD]\n\t(No symbol) [0x00007FF64C58A1A9]\n\tBaseThreadInitThunk [0x00007FFAC53B259D+29]\n\tRtlUserThreadStart [0x00007FFAC734AF38+40]\n\n", "trace": "  File \"C:\\Users\\Monster\\Desktop\\QA Bootcamp\\Test Otomasyon\\test_login.py\", line 127, in test_empty_fields\n    WebDriverWait(driver, 20).until(\n  File \"C:\\Users\\Monster\\AppData\\Roaming\\Python\\Python312\\site-packages\\selenium\\webdriver\\support\\wait.py\", line 105, in until\n    raise TimeoutException(message, screen, stacktrace)\n"}, "start": 1734015893185, "stop": 1734015913608}], "attachments": [{"name": "test_empty_fields", "source": "229bc6a4-6a55-4ec6-bf78-990eebcbf245-attachment.png", "type": "image/png"}], "start": 1734015886004, "stop": 1734015915917, "uuid": "a8c12bb0-1653-4996-ba15-a23dd85edc41", "historyId": "c47736bf82caf7c999040e1c498d0fa1", "testCaseId": "c47736bf82caf7c999040e1c498d0fa1", "fullName": "test_login.LoginTests#test_empty_fields", "labels": [{"name": "feature", "value": "Login Feature"}, {"name": "story", "value": "Boş Alanlar"}, {"name": "suite", "value": "test_login"}, {"name": "subSuite", "value": "LoginTests"}, {"name": "host", "value": "DESKTOP-38CS0AM"}, {"name": "thread", "value": "19216-MainThread"}, {"name": "framework", "value": "pytest"}, {"name": "language", "value": "cpython3"}, {"name": "package", "value": "test_login"}]}