{"name": "test_successful_login", "status": "broken", "statusDetails": {"message": "selenium.common.exceptions.TimeoutException: Message: \nStacktrace:\n\tGetHandleVerifier [0x00007FF64C626CC5+28821]\n\t(No symbol) [0x00007FF64C593850]\n\t(No symbol) [0x00007FF64C43578A]\n\t(No symbol) [0x00007FF64C4891BE]\n\t(No symbol) [0x00007FF64C4894AC]\n\t(No symbol) [0x00007FF64C4D2647]\n\t(No symbol) [0x00007FF64C4AF33F]\n\t(No symbol) [0x00007FF64C4CF412]\n\t(No symbol) [0x00007FF64C4AF0A3]\n\t(No symbol) [0x00007FF64C47A778]\n\t(No symbol) [0x00007FF64C47B8E1]\n\tGetHandleVerifier [0x00007FF64C95FCCD+3408029]\n\tGetHandleVerifier [0x00007FF64C97743F+3504143]\n\tGetHandleVerifier [0x00007FF64C96B61D+3455469]\n\tGetHandleVerifier [0x00007FF64C6EBDCB+835995]\n\t(No symbol) [0x00007FF64C59EB6F]\n\t(No symbol) [0x00007FF64C59A824]\n\t(No symbol) [0x00007FF64C59A9BD]\n\t(No symbol) [0x00007FF64C58A1A9]\n\tBaseThreadInitThunk [0x00007FFAC53B259D+29]\n\tRtlUserThreadStart [0x00007FFAC734AF38+40]", "trace": "self = <test_login.LoginTests testMethod=test_successful_login>\n\n    @allure.feature(\"Login Feature\")\n    @allure.story(\"Başarılı Giriş\")\n    def test_successful_login(self):\n        \"\"\"Başarılı giriş testi\"\"\"\n        driver = self.driver\n        driver.get(\"https://www.beymen.com/tr/customer/login?returnUrl=/tr/customer\")\n    \n        try:\n            # Çerez onayı varsa, kabul et\n            try:\n                accept_button = WebDriverWait(driver, 20).until(\n                    EC.element_to_be_clickable((By.ID, \"onetrust-accept-btn-handler\"))\n                )\n                accept_button.click()\n            except:\n                pass  # Eğer çerez onayı yoksa, hata vermez.\n    \n            # Kullanıcı adı ve şifre gir\n            with allure.step(\"Kullanıcı bilgilerini gir ve giriş yap\"):\n                WebDriverWait(driver, 20).until(\n                    EC.presence_of_element_located((By.ID, \"customerEmail\"))\n                ).send_keys(\"busezmz@outlook.com\")\n    \n                driver.find_element(By.ID, \"password\").send_keys(\"Barbie123\")\n    \n                # Giriş butonuna tıkla\n                login_button = driver.find_element(By.ID, \"loginBtn\")\n                driver.execute_script(\"arguments[0].scrollIntoView();\", login_button)\n                WebDriverWait(driver, 20).until(\n                    EC.element_to_be_clickable((By.ID, \"loginBtn\"))\n                ).click()\n    \n            # Doğrulama: Sayfanın yüklenmesini bekle\n            with allure.step(\"Hoş Geldiniz mesajını doğrula\"):\n                WebDriverWait(driver, 20).until(\n                    EC.presence_of_element_located((By.ID, \"welcomeMessage\"))\n                )\n                welcome_message = driver.find_element(By.ID, \"welcomeMessage\").text\n                self.assertIn(\"Hoş Geldiniz\", welcome_message, \"Giriş başarısız!\")\n    \n        except Exception as e:\n            allure.attach(driver.get_screenshot_as_png(), name=\"test_successful_login\", attachment_type=allure.attachment_type.PNG)\n>           raise e\n\ntest_login.py:58: \n_ _ _ _ _ _ _ _ _ _ _ _ _ _ _ _ _ _ _ _ _ _ _ _ _ _ _ _ _ _ _ _ _ _ _ _ _ _ _ _ _ _ _ _ _ _ _ _ _ _ _ _ _ _ _ _ _ _ _ _ _ _ _ _ _ _ _ _ _ _ _ _ _ _ \ntest_login.py:50: in test_successful_login\n    WebDriverWait(driver, 20).until(\n_ _ _ _ _ _ _ _ _ _ _ _ _ _ _ _ _ _ _ _ _ _ _ _ _ _ _ _ _ _ _ _ _ _ _ _ _ _ _ _ _ _ _ _ _ _ _ _ _ _ _ _ _ _ _ _ _ _ _ _ _ _ _ _ _ _ _ _ _ _ _ _ _ _ \n\nself = <selenium.webdriver.support.wait.WebDriverWait (session=\"157fc48562ac7864b8a25eedc3e608de\")>\nmethod = <function presence_of_element_located.<locals>._predicate at 0x000001FFFB67A660>, message = ''\n\n    def until(self, method: Callable[[D], Union[Literal[False], T]], message: str = \"\") -> T:\n        \"\"\"Calls the method provided with the driver as an argument until the \\\n        return value does not evaluate to ``False``.\n    \n        :param method: callable(WebDriver)\n        :param message: optional message for :exc:`TimeoutException`\n        :returns: the result of the last call to `method`\n        :raises: :exc:`selenium.common.exceptions.TimeoutException` if timeout occurs\n        \"\"\"\n        screen = None\n        stacktrace = None\n    \n        end_time = time.monotonic() + self._timeout\n        while True:\n            try:\n                value = method(self._driver)\n                if value:\n                    return value\n            except self._ignored_exceptions as exc:\n                screen = getattr(exc, \"screen\", None)\n                stacktrace = getattr(exc, \"stacktrace\", None)\n            if time.monotonic() > end_time:\n                break\n            time.sleep(self._poll)\n>       raise TimeoutException(message, screen, stacktrace)\nE       selenium.common.exceptions.TimeoutException: Message: \nE       Stacktrace:\nE       \tGetHandleVerifier [0x00007FF64C626CC5+28821]\nE       \t(No symbol) [0x00007FF64C593850]\nE       \t(No symbol) [0x00007FF64C43578A]\nE       \t(No symbol) [0x00007FF64C4891BE]\nE       \t(No symbol) [0x00007FF64C4894AC]\nE       \t(No symbol) [0x00007FF64C4D2647]\nE       \t(No symbol) [0x00007FF64C4AF33F]\nE       \t(No symbol) [0x00007FF64C4CF412]\nE       \t(No symbol) [0x00007FF64C4AF0A3]\nE       \t(No symbol) [0x00007FF64C47A778]\nE       \t(No symbol) [0x00007FF64C47B8E1]\nE       \tGetHandleVerifier [0x00007FF64C95FCCD+3408029]\nE       \tGetHandleVerifier [0x00007FF64C97743F+3504143]\nE       \tGetHandleVerifier [0x00007FF64C96B61D+3455469]\nE       \tGetHandleVerifier [0x00007FF64C6EBDCB+835995]\nE       \t(No symbol) [0x00007FF64C59EB6F]\nE       \t(No symbol) [0x00007FF64C59A824]\nE       \t(No symbol) [0x00007FF64C59A9BD]\nE       \t(No symbol) [0x00007FF64C58A1A9]\nE       \tBaseThreadInitThunk [0x00007FFAC53B259D+29]\nE       \tRtlUserThreadStart [0x00007FFAC734AF38+40]\n\n..\\..\\..\\AppData\\Roaming\\Python\\Python312\\site-packages\\selenium\\webdriver\\support\\wait.py:105: TimeoutException"}, "description": "Başarılı giriş testi", "steps": [{"name": "Kullanıcı bilgilerini gir ve giriş yap", "status": "passed", "start": 1734015920567, "stop": 1734015922948}, {"name": "Hoş Geldiniz mesajını doğrula", "status": "broken", "statusDetails": {"message": "selenium.common.exceptions.TimeoutException: Message: \nStacktrace:\n\tGetHandleVerifier [0x00007FF64C626CC5+28821]\n\t(No symbol) [0x00007FF64C593850]\n\t(No symbol) [0x00007FF64C43578A]\n\t(No symbol) [0x00007FF64C4891BE]\n\t(No symbol) [0x00007FF64C4894AC]\n\t(No symbol) [0x00007FF64C4D2647]\n\t(No symbol) [0x00007FF64C4AF33F]\n\t(No symbol) [0x00007FF64C4CF412]\n\t(No symbol) [0x00007FF64C4AF0A3]\n\t(No symbol) [0x00007FF64C47A778]\n\t(No symbol) [0x00007FF64C47B8E1]\n\tGetHandleVerifier [0x00007FF64C95FCCD+3408029]\n\tGetHandleVerifier [0x00007FF64C97743F+3504143]\n\tGetHandleVerifier [0x00007FF64C96B61D+3455469]\n\tGetHandleVerifier [0x00007FF64C6EBDCB+835995]\n\t(No symbol) [0x00007FF64C59EB6F]\n\t(No symbol) [0x00007FF64C59A824]\n\t(No symbol) [0x00007FF64C59A9BD]\n\t(No symbol) [0x00007FF64C58A1A9]\n\tBaseThreadInitThunk [0x00007FFAC53B259D+29]\n\tRtlUserThreadStart [0x00007FFAC734AF38+40]\n\n", "trace": "  File \"C:\\Users\\Monster\\Desktop\\QA Bootcamp\\Test Otomasyon\\test_login.py\", line 50, in test_successful_login\n    WebDriverWait(driver, 20).until(\n  File \"C:\\Users\\Monster\\AppData\\Roaming\\Python\\Python312\\site-packages\\selenium\\webdriver\\support\\wait.py\", line 105, in until\n    raise TimeoutException(message, screen, stacktrace)\n"}, "start": 1734015922949, "stop": 1734015943424}], "attachments": [{"name": "test_successful_login", "source": "55799133-f6ff-4e70-902b-166d7b0b7168-attachment.png", "type": "image/png"}], "start": 1734015915995, "stop": 1734015945732, "uuid": "999cbbb1-57ee-4743-922e-0db0171bd1d2", "historyId": "82641776790a2e52c72d902a4706a9d8", "testCaseId": "82641776790a2e52c72d902a4706a9d8", "fullName": "test_login.LoginTests#test_successful_login", "labels": [{"name": "feature", "value": "Login Feature"}, {"name": "story", "value": "Başarılı Giriş"}, {"name": "suite", "value": "test_login"}, {"name": "subSuite", "value": "LoginTests"}, {"name": "host", "value": "DESKTOP-38CS0AM"}, {"name": "thread", "value": "19216-MainThread"}, {"name": "framework", "value": "pytest"}, {"name": "language", "value": "cpython3"}, {"name": "package", "value": "test_login"}]}