{"name": "test_unsuccessful_login", "status": "broken", "statusDetails": {"message": "selenium.common.exceptions.TimeoutException: Message: \nStacktrace:\n\tGetHandleVerifier [0x00007FF64C626CC5+28821]\n\t(No symbol) [0x00007FF64C593850]\n\t(No symbol) [0x00007FF64C43578A]\n\t(No symbol) [0x00007FF64C4891BE]\n\t(No symbol) [0x00007FF64C4894AC]\n\t(No symbol) [0x00007FF64C4D2647]\n\t(No symbol) [0x00007FF64C4AF33F]\n\t(No symbol) [0x00007FF64C4CF412]\n\t(No symbol) [0x00007FF64C4AF0A3]\n\t(No symbol) [0x00007FF64C47A778]\n\t(No symbol) [0x00007FF64C47B8E1]\n\tGetHandleVerifier [0x00007FF64C95FCCD+3408029]\n\tGetHandleVerifier [0x00007FF64C97743F+3504143]\n\tGetHandleVerifier [0x00007FF64C96B61D+3455469]\n\tGetHandleVerifier [0x00007FF64C6EBDCB+835995]\n\t(No symbol) [0x00007FF64C59EB6F]\n\t(No symbol) [0x00007FF64C59A824]\n\t(No symbol) [0x00007FF64C59A9BD]\n\t(No symbol) [0x00007FF64C58A1A9]\n\tBaseThreadInitThunk [0x00007FFAC53B259D+29]\n\tRtlUserThreadStart [0x00007FFAC734AF38+40]", "trace": "self = <test_login.LoginTests testMethod=test_unsuccessful_login>\n\n    @allure.feature(\"Login Feature\")\n    @allure.story(\"Başarısız Giriş\")\n    def test_unsuccessful_login(self):\n        \"\"\"Başarısız giriş testi\"\"\"\n        driver = self.driver\n        driver.get(\"https://www.beymen.com/tr/customer/login?returnUrl=/tr/customer\")\n    \n        try:\n            # Çerez onayı varsa, kabul et\n            try:\n                accept_button = WebDriverWait(driver, 10).until(\n                    EC.element_to_be_clickable((By.ID, \"onetrust-accept-btn-handler\"))\n                )\n                accept_button.click()\n            except:\n                pass  # Eğer çerez onayı yoksa, hata vermez.\n    \n            # Hatalı giriş bilgilerini gir\n            with allure.step(\"Hatalı kullanıcı bilgilerini gir ve giriş yap\"):\n                driver.find_element(By.ID, \"customerEmail\").send_keys(\"invalidUser@example.com\")\n                driver.find_element(By.ID, \"password\").send_keys(\"wrongPassword123\")\n    \n                login_button = driver.find_element(By.ID, \"loginBtn\")\n                driver.execute_script(\"arguments[0].scrollIntoView();\", login_button)\n                WebDriverWait(driver, 10).until(\n                    EC.element_to_be_clickable((By.ID, \"loginBtn\"))\n                ).click()\n    \n            # Hata mesajını kontrol et\n            with allure.step(\"Hata mesajını doğrula\"):\n                WebDriverWait(driver, 10).until(\n                    EC.presence_of_element_located((By.CLASS_NAME, \"error-message\"))\n                )\n                warning_message = driver.find_element(By.CLASS_NAME, \"error-message\").text\n                self.assertEqual(warning_message, \"E-posta adresiniz ve/veya şifreniz hatalı.\", \"Hata mesajı doğru değil.\")\n    \n        except Exception as e:\n            allure.attach(driver.get_screenshot_as_png(), name=\"test_unsuccessful_login\", attachment_type=allure.attachment_type.PNG)\n>           raise e\n\ntest_login.py:98: \n_ _ _ _ _ _ _ _ _ _ _ _ _ _ _ _ _ _ _ _ _ _ _ _ _ _ _ _ _ _ _ _ _ _ _ _ _ _ _ _ _ _ _ _ _ _ _ _ _ _ _ _ _ _ _ _ _ _ _ _ _ _ _ _ _ _ _ _ _ _ _ _ _ _ \ntest_login.py:90: in test_unsuccessful_login\n    WebDriverWait(driver, 10).until(\n_ _ _ _ _ _ _ _ _ _ _ _ _ _ _ _ _ _ _ _ _ _ _ _ _ _ _ _ _ _ _ _ _ _ _ _ _ _ _ _ _ _ _ _ _ _ _ _ _ _ _ _ _ _ _ _ _ _ _ _ _ _ _ _ _ _ _ _ _ _ _ _ _ _ \n\nself = <selenium.webdriver.support.wait.WebDriverWait (session=\"a7143b9fa120a6d4080c019a7fd7690b\")>\nmethod = <function presence_of_element_located.<locals>._predicate at 0x000002DF47D70E00>, message = ''\n\n    def until(self, method: Callable[[D], Union[Literal[False], T]], message: str = \"\") -> T:\n        \"\"\"Calls the method provided with the driver as an argument until the \\\n        return value does not evaluate to ``False``.\n    \n        :param method: callable(WebDriver)\n        :param message: optional message for :exc:`TimeoutException`\n        :returns: the result of the last call to `method`\n        :raises: :exc:`selenium.common.exceptions.TimeoutException` if timeout occurs\n        \"\"\"\n        screen = None\n        stacktrace = None\n    \n        end_time = time.monotonic() + self._timeout\n        while True:\n            try:\n                value = method(self._driver)\n                if value:\n                    return value\n            except self._ignored_exceptions as exc:\n                screen = getattr(exc, \"screen\", None)\n                stacktrace = getattr(exc, \"stacktrace\", None)\n            if time.monotonic() > end_time:\n                break\n            time.sleep(self._poll)\n>       raise TimeoutException(message, screen, stacktrace)\nE       selenium.common.exceptions.TimeoutException: Message: \nE       Stacktrace:\nE       \tGetHandleVerifier [0x00007FF64C626CC5+28821]\nE       \t(No symbol) [0x00007FF64C593850]\nE       \t(No symbol) [0x00007FF64C43578A]\nE       \t(No symbol) [0x00007FF64C4891BE]\nE       \t(No symbol) [0x00007FF64C4894AC]\nE       \t(No symbol) [0x00007FF64C4D2647]\nE       \t(No symbol) [0x00007FF64C4AF33F]\nE       \t(No symbol) [0x00007FF64C4CF412]\nE       \t(No symbol) [0x00007FF64C4AF0A3]\nE       \t(No symbol) [0x00007FF64C47A778]\nE       \t(No symbol) [0x00007FF64C47B8E1]\nE       \tGetHandleVerifier [0x00007FF64C95FCCD+3408029]\nE       \tGetHandleVerifier [0x00007FF64C97743F+3504143]\nE       \tGetHandleVerifier [0x00007FF64C96B61D+3455469]\nE       \tGetHandleVerifier [0x00007FF64C6EBDCB+835995]\nE       \t(No symbol) [0x00007FF64C59EB6F]\nE       \t(No symbol) [0x00007FF64C59A824]\nE       \t(No symbol) [0x00007FF64C59A9BD]\nE       \t(No symbol) [0x00007FF64C58A1A9]\nE       \tBaseThreadInitThunk [0x00007FFAC53B259D+29]\nE       \tRtlUserThreadStart [0x00007FFAC734AF38+40]\n\n..\\..\\..\\AppData\\Roaming\\Python\\Python312\\site-packages\\selenium\\webdriver\\support\\wait.py:105: TimeoutException"}, "description": "Başarısız giriş testi", "steps": [{"name": "Hatalı kullanıcı bilgilerini gir ve giriş yap", "status": "passed", "start": 1734015732510, "stop": 1734015734513}, {"name": "Hata mesajını doğrula", "status": "broken", "statusDetails": {"message": "selenium.common.exceptions.TimeoutException: Message: \nStacktrace:\n\tGetHandleVerifier [0x00007FF64C626CC5+28821]\n\t(No symbol) [0x00007FF64C593850]\n\t(No symbol) [0x00007FF64C43578A]\n\t(No symbol) [0x00007FF64C4891BE]\n\t(No symbol) [0x00007FF64C4894AC]\n\t(No symbol) [0x00007FF64C4D2647]\n\t(No symbol) [0x00007FF64C4AF33F]\n\t(No symbol) [0x00007FF64C4CF412]\n\t(No symbol) [0x00007FF64C4AF0A3]\n\t(No symbol) [0x00007FF64C47A778]\n\t(No symbol) [0x00007FF64C47B8E1]\n\tGetHandleVerifier [0x00007FF64C95FCCD+3408029]\n\tGetHandleVerifier [0x00007FF64C97743F+3504143]\n\tGetHandleVerifier [0x00007FF64C96B61D+3455469]\n\tGetHandleVerifier [0x00007FF64C6EBDCB+835995]\n\t(No symbol) [0x00007FF64C59EB6F]\n\t(No symbol) [0x00007FF64C59A824]\n\t(No symbol) [0x00007FF64C59A9BD]\n\t(No symbol) [0x00007FF64C58A1A9]\n\tBaseThreadInitThunk [0x00007FFAC53B259D+29]\n\tRtlUserThreadStart [0x00007FFAC734AF38+40]\n\n", "trace": "  File \"C:\\Users\\Monster\\Desktop\\QA Bootcamp\\Test Otomasyon\\test_login.py\", line 90, in test_unsuccessful_login\n    WebDriverWait(driver, 10).until(\n  File \"C:\\Users\\Monster\\AppData\\Roaming\\Python\\Python312\\site-packages\\selenium\\webdriver\\support\\wait.py\", line 105, in until\n    raise TimeoutException(message, screen, stacktrace)\n"}, "start": 1734015734513, "stop": 1734015744925}], "attachments": [{"name": "test_unsuccessful_login", "source": "2ce388c4-a5e4-4ca0-b2db-98637c38ab08-attachment.png", "type": "image/png"}], "start": 1734015727542, "stop": 1734015747213, "uuid": "0e9d1935-eb17-4425-989b-3a7268094476", "historyId": "d861dbbfadde2234271eb27154171eeb", "testCaseId": "d861dbbfadde2234271eb27154171eeb", "fullName": "test_login.LoginTests#test_unsuccessful_login", "labels": [{"name": "feature", "value": "Login Feature"}, {"name": "story", "value": "Başarısız Giriş"}, {"name": "suite", "value": "test_login"}, {"name": "subSuite", "value": "LoginTests"}, {"name": "host", "value": "DESKTOP-38CS0AM"}, {"name": "thread", "value": "13528-MainThread"}, {"name": "framework", "value": "pytest"}, {"name": "language", "value": "cpython3"}, {"name": "package", "value": "test_login"}]}